This file contains any messages produced by compilers while
running configure, to aid debugging if configure makes a mistake.

It was created by ifp-line configure 0.3, which was
generated by GNU Autoconf 2.59.  Invocation command line was

  $ ./configure 

## --------- ##
## Platform. ##
## --------- ##

hostname = sevten
uname -m = x86_64
uname -r = 6.13.5-arch1-1
uname -s = Linux
uname -v = #1 SMP PREEMPT_DYNAMIC Thu, 27 Feb 2025 18:09:44 +0000

/usr/bin/uname -p = unknown
/bin/uname -X     = unknown

/bin/arch              = unknown
/usr/bin/arch -k       = unknown
/usr/convex/getsysinfo = unknown
hostinfo               = unknown
/bin/machine           = unknown
/usr/bin/oslevel       = unknown
/bin/universe          = unknown

PATH: /home/nutria/.local/share/pnpm
PATH: /opt/R-4.4.2/bin
PATH: /home/nutria/rafbb/scrhorde/scrbx
PATH: /home/nutria/bin
PATH: /home/nutria/.local/bin
PATH: /usr/sbin
PATH: /usr/bin/vendor_perl
PATH: /usr/bin
PATH: /usr/local/sbin
PATH: /usr/local/bin
PATH: /sbin
PATH: /bin


## ----------- ##
## Core tests. ##
## ----------- ##

configure:1363: checking for a BSD-compatible install
configure:1418: result: /usr/bin/install -c
configure:1429: checking whether build environment is sane
configure:1472: result: yes
configure:1537: checking for gawk
configure:1553: found /usr/sbin/gawk
configure:1563: result: gawk
configure:1573: checking whether make sets $(MAKE)
configure:1593: result: yes
configure:1812: checking for gcc
configure:1828: found /usr/sbin/gcc
configure:1838: result: gcc
configure:2082: checking for C compiler version
configure:2085: gcc --version </dev/null >&5
gcc (GCC) 14.2.1 20250207
Copyright (C) 2024 Free Software Foundation, Inc.
This is free software; see the source for copying conditions.  There is NO
warranty; not even for MERCHANTABILITY or FITNESS FOR A PARTICULAR PURPOSE.

configure:2088: $? = 0
configure:2090: gcc -v </dev/null >&5
Using built-in specs.
COLLECT_GCC=gcc
COLLECT_LTO_WRAPPER=/usr/lib/gcc/x86_64-pc-linux-gnu/14.2.1/lto-wrapper
Target: x86_64-pc-linux-gnu
Configured with: /build/gcc/src/gcc/configure --enable-languages=ada,c,c++,d,fortran,go,lto,m2,objc,obj-c++,rust --enable-bootstrap --prefix=/usr --libdir=/usr/lib --libexecdir=/usr/lib --mandir=/usr/share/man --infodir=/usr/share/info --with-bugurl=https://gitlab.archlinux.org/archlinux/packaging/packages/gcc/-/issues --with-build-config=bootstrap-lto --with-linker-hash-style=gnu --with-system-zlib --enable-__cxa_atexit --enable-cet=auto --enable-checking=release --enable-clocale=gnu --enable-default-pie --enable-default-ssp --enable-gnu-indirect-function --enable-gnu-unique-object --enable-libstdcxx-backtrace --enable-link-serialization=1 --enable-linker-build-id --enable-lto --enable-multilib --enable-plugin --enable-shared --enable-threads=posix --disable-libssp --disable-libstdcxx-pch --disable-werror
Thread model: posix
Supported LTO compression algorithms: zlib zstd
gcc version 14.2.1 20250207 (GCC) 
configure:2093: $? = 0
configure:2095: gcc -V </dev/null >&5
gcc: error: unrecognized command-line option '-V'
gcc: fatal error: no input files
compilation terminated.
configure:2098: $? = 1
configure:2121: checking for C compiler default output file name
configure:2124: gcc    conftest.c  >&5
configure:2127: $? = 0
configure:2173: result: a.out
configure:2178: checking whether the C compiler works
configure:2184: ./a.out
configure:2187: $? = 0
configure:2204: result: yes
configure:2211: checking whether we are cross compiling
configure:2213: result: no
configure:2216: checking for suffix of executables
configure:2218: gcc -o conftest    conftest.c  >&5
configure:2221: $? = 0
configure:2246: result: 
configure:2252: checking for suffix of object files
configure:2273: gcc -c   conftest.c >&5
configure:2276: $? = 0
configure:2298: result: o
configure:2302: checking whether we are using the GNU C compiler
configure:2326: gcc -c   conftest.c >&5
configure:2332: $? = 0
configure:2336: test -z 
			 || test ! -s conftest.err
configure:2339: $? = 0
configure:2342: test -s conftest.o
configure:2345: $? = 0
configure:2358: result: yes
configure:2364: checking whether gcc accepts -g
configure:2385: gcc -c -g  conftest.c >&5
configure:2391: $? = 0
configure:2395: test -z 
			 || test ! -s conftest.err
configure:2398: $? = 0
configure:2401: test -s conftest.o
configure:2404: $? = 0
configure:2415: result: yes
configure:2432: checking for gcc option to accept ANSI C
configure:2502: gcc  -c -g -O2  conftest.c >&5
configure:2508: $? = 0
configure:2512: test -z 
			 || test ! -s conftest.err
configure:2515: $? = 0
configure:2518: test -s conftest.o
configure:2521: $? = 0
configure:2539: result: none needed
configure:2557: gcc -c -g -O2  conftest.c >&5
conftest.c:2:3: error: unknown type name 'choke'
    2 |   choke me
      |   ^~~~~
conftest.c:2:3: error: expected '=', ',', ';', 'asm' or '__attribute__' at end of input
configure:2563: $? = 1
configure: failed program was:
| #ifndef __cplusplus
|   choke me
| #endif
configure:2707: checking for style of include used by make
configure:2735: result: GNU
configure:2763: checking dependency style of gcc
configure:2853: result: gcc3
configure:2911: checking for ranlib
configure:2927: found /usr/sbin/ranlib
configure:2938: result: ranlib
configure:2963: checking for a BSD-compatible install
configure:3018: result: /usr/bin/install -c
configure:3053: checking build system type
configure:3071: result: x86_64-unknown-linux-gnu
configure:3079: checking host system type
configure:3093: result: x86_64-unknown-linux-gnu
configure:3112: checking for ld used by GCC
configure:3175: result: /usr/sbin/ld
configure:3184: checking if the linker (/usr/sbin/ld) is GNU ld
GNU ld (GNU Binutils) 2.44
configure:3196: result: yes
configure:3202: checking for shared library run path origin
configure:3215: result: done
configure:3648: checking for iconv
configure:3675: gcc -o conftest -g -O2   conftest.c  >&5
configure:3681: $? = 0
configure:3685: test -z 
			 || test ! -s conftest.err
configure:3688: $? = 0
configure:3691: test -s conftest
configure:3694: $? = 0
configure:3760: result: yes
configure:3783: checking for iconv declaration
configure:3817: gcc -c -g -O2  conftest.c >&5
configure:3823: $? = 0
configure:3827: test -z 
			 || test ! -s conftest.err
configure:3830: $? = 0
configure:3833: test -s conftest.o
configure:3836: $? = 0
configure:3851: result: 
         extern size_t iconv (iconv_t cd, char * *inbuf, size_t *inbytesleft, char * *outbuf, size_t *outbytesleft);
configure:3894: checking for libusb-config
configure:3912: found /usr/sbin/libusb-config
configure:3925: result: /usr/sbin/libusb-config
configure:3933: checking for libusb - version >= 0.1.7
configure:4047: result: yes
configure:4146: checking how to run the C preprocessor
configure:4181: gcc -E  conftest.c
configure:4187: $? = 0
configure:4219: gcc -E  conftest.c
conftest.c:13:10: fatal error: ac_nonexistent.h: No such file or directory
   13 | #include <ac_nonexistent.h>
      |          ^~~~~~~~~~~~~~~~~~
compilation terminated.
configure:4225: $? = 1
configure: failed program was:
| /* confdefs.h.  */
| 
| #define PACKAGE_NAME "ifp-line"
| #define PACKAGE_TARNAME "ifp-line"
| #define PACKAGE_VERSION "0.3"
| #define PACKAGE_STRING "ifp-line 0.3"
| #define PACKAGE_BUGREPORT ""
| #define PACKAGE "ifp-line"
| #define VERSION "0.3"
| #define HAVE_ICONV 1
| #define ICONV_CONST 
| /* end confdefs.h.  */
| #include <ac_nonexistent.h>
configure:4264: result: gcc -E
configure:4288: gcc -E  conftest.c
configure:4294: $? = 0
configure:4326: gcc -E  conftest.c
conftest.c:13:10: fatal error: ac_nonexistent.h: No such file or directory
   13 | #include <ac_nonexistent.h>
      |          ^~~~~~~~~~~~~~~~~~
compilation terminated.
configure:4332: $? = 1
configure: failed program was:
| /* confdefs.h.  */
| 
| #define PACKAGE_NAME "ifp-line"
| #define PACKAGE_TARNAME "ifp-line"
| #define PACKAGE_VERSION "0.3"
| #define PACKAGE_STRING "ifp-line 0.3"
| #define PACKAGE_BUGREPORT ""
| #define PACKAGE "ifp-line"
| #define VERSION "0.3"
| #define HAVE_ICONV 1
| #define ICONV_CONST 
| /* end confdefs.h.  */
| #include <ac_nonexistent.h>
configure:4376: checking for egrep
configure:4386: result: grep -E
configure:4391: checking for ANSI C header files
configure:4416: gcc -c -g -O2  conftest.c >&5
configure:4422: $? = 0
configure:4426: test -z 
			 || test ! -s conftest.err
configure:4429: $? = 0
configure:4432: test -s conftest.o
configure:4435: $? = 0
configure:4524: gcc -o conftest -g -O2   conftest.c  >&5
conftest.c: In function 'main':
conftest.c:30:7: error: implicit declaration of function 'exit' [-Wimplicit-function-declaration]
   30 |       exit(2);
      |       ^~~~
conftest.c:14:1: note: include '<stdlib.h>' or provide a declaration of 'exit'
   13 | #include <ctype.h>
  +++ |+#include <stdlib.h>
   14 | #if ((' ' & 0x0FF) == 0x020)
conftest.c:30:7: warning: incompatible implicit declaration of built-in function 'exit' [-Wbuiltin-declaration-mismatch]
   30 |       exit(2);
      |       ^~~~
conftest.c:30:7: note: include '<stdlib.h>' or provide a declaration of 'exit'
conftest.c:31:3: warning: incompatible implicit declaration of built-in function 'exit' [-Wbuiltin-declaration-mismatch]
   31 |   exit (0);
      |   ^~~~
conftest.c:31:3: note: include '<stdlib.h>' or provide a declaration of 'exit'
configure:4527: $? = 1
configure: program exited with status 1
configure: failed program was:
| /* confdefs.h.  */
| 
| #define PACKAGE_NAME "ifp-line"
| #define PACKAGE_TARNAME "ifp-line"
| #define PACKAGE_VERSION "0.3"
| #define PACKAGE_STRING "ifp-line 0.3"
| #define PACKAGE_BUGREPORT ""
| #define PACKAGE "ifp-line"
| #define VERSION "0.3"
| #define HAVE_ICONV 1
| #define ICONV_CONST 
| /* end confdefs.h.  */
| #include <ctype.h>
| #if ((' ' & 0x0FF) == 0x020)
| # define ISLOWER(c) ('a' <= (c) && (c) <= 'z')
| # define TOUPPER(c) (ISLOWER(c) ? 'A' + ((c) - 'a') : (c))
| #else
| # define ISLOWER(c) 		   (('a' <= (c) && (c) <= 'i') 		     || ('j' <= (c) && (c) <= 'r') 		     || ('s' <= (c) && (c) <= 'z'))
| # define TOUPPER(c) (ISLOWER(c) ? ((c) | 0x40) : (c))
| #endif
| 
| #define XOR(e, f) (((e) && !(f)) || (!(e) && (f)))
| int
| main ()
| {
|   int i;
|   for (i = 0; i < 256; i++)
|     if (XOR (islower (i), ISLOWER (i))
| 	|| toupper (i) != TOUPPER (i))
|       exit(2);
|   exit (0);
| }
configure:4547: result: no
configure:4557: checking for sys/wait.h that is POSIX.1 compatible
configure:4588: gcc -c -g -O2  conftest.c >&5
configure:4594: $? = 0
configure:4598: test -z 
			 || test ! -s conftest.err
configure:4601: $? = 0
configure:4604: test -s conftest.o
configure:4607: $? = 0
configure:4618: result: yes
configure:4642: checking for sys/types.h
configure:4658: gcc -c -g -O2  conftest.c >&5
configure:4664: $? = 0
configure:4668: test -z 
			 || test ! -s conftest.err
configure:4671: $? = 0
configure:4674: test -s conftest.o
configure:4677: $? = 0
configure:4688: result: yes
configure:4642: checking for sys/stat.h
configure:4658: gcc -c -g -O2  conftest.c >&5
configure:4664: $? = 0
configure:4668: test -z 
			 || test ! -s conftest.err
configure:4671: $? = 0
configure:4674: test -s conftest.o
configure:4677: $? = 0
configure:4688: result: yes
configure:4642: checking for stdlib.h
configure:4658: gcc -c -g -O2  conftest.c >&5
configure:4664: $? = 0
configure:4668: test -z 
			 || test ! -s conftest.err
configure:4671: $? = 0
configure:4674: test -s conftest.o
configure:4677: $? = 0
configure:4688: result: yes
configure:4642: checking for string.h
configure:4658: gcc -c -g -O2  conftest.c >&5
configure:4664: $? = 0
configure:4668: test -z 
			 || test ! -s conftest.err
configure:4671: $? = 0
configure:4674: test -s conftest.o
configure:4677: $? = 0
configure:4688: result: yes
configure:4642: checking for memory.h
configure:4658: gcc -c -g -O2  conftest.c >&5
configure:4664: $? = 0
configure:4668: test -z 
			 || test ! -s conftest.err
configure:4671: $? = 0
configure:4674: test -s conftest.o
configure:4677: $? = 0
configure:4688: result: yes
configure:4642: checking for strings.h
configure:4658: gcc -c -g -O2  conftest.c >&5
configure:4664: $? = 0
configure:4668: test -z 
			 || test ! -s conftest.err
configure:4671: $? = 0
configure:4674: test -s conftest.o
configure:4677: $? = 0
configure:4688: result: yes
configure:4642: checking for inttypes.h
configure:4658: gcc -c -g -O2  conftest.c >&5
configure:4664: $? = 0
configure:4668: test -z 
			 || test ! -s conftest.err
configure:4671: $? = 0
configure:4674: test -s conftest.o
configure:4677: $? = 0
configure:4688: result: yes
configure:4642: checking for stdint.h
configure:4658: gcc -c -g -O2  conftest.c >&5
configure:4664: $? = 0
configure:4668: test -z 
			 || test ! -s conftest.err
configure:4671: $? = 0
configure:4674: test -s conftest.o
configure:4677: $? = 0
configure:4688: result: yes
configure:4642: checking for unistd.h
configure:4658: gcc -c -g -O2  conftest.c >&5
configure:4664: $? = 0
configure:4668: test -z 
			 || test ! -s conftest.err
configure:4671: $? = 0
configure:4674: test -s conftest.o
configure:4677: $? = 0
configure:4688: result: yes
configure:4718: checking langinfo.h usability
configure:4730: gcc -c -g -O2  conftest.c >&5
configure:4736: $? = 0
configure:4740: test -z 
			 || test ! -s conftest.err
configure:4743: $? = 0
configure:4746: test -s conftest.o
configure:4749: $? = 0
configure:4759: result: yes
configure:4763: checking langinfo.h presence
configure:4773: gcc -E  conftest.c
configure:4779: $? = 0
configure:4799: result: yes
configure:4834: checking for langinfo.h
configure:4841: result: yes
configure:4718: checking limits.h usability
configure:4730: gcc -c -g -O2  conftest.c >&5
configure:4736: $? = 0
configure:4740: test -z 
			 || test ! -s conftest.err
configure:4743: $? = 0
configure:4746: test -s conftest.o
configure:4749: $? = 0
configure:4759: result: yes
configure:4763: checking limits.h presence
configure:4773: gcc -E  conftest.c
configure:4779: $? = 0
configure:4799: result: yes
configure:4834: checking for limits.h
configure:4841: result: yes
configure:4718: checking locale.h usability
configure:4730: gcc -c -g -O2  conftest.c >&5
configure:4736: $? = 0
configure:4740: test -z 
			 || test ! -s conftest.err
configure:4743: $? = 0
configure:4746: test -s conftest.o
configure:4749: $? = 0
configure:4759: result: yes
configure:4763: checking locale.h presence
configure:4773: gcc -E  conftest.c
configure:4779: $? = 0
configure:4799: result: yes
configure:4834: checking for locale.h
configure:4841: result: yes
configure:4709: checking for string.h
configure:4714: result: yes
configure:4709: checking for unistd.h
configure:4714: result: yes
configure:4856: checking for an ANSI C-conforming const
configure:4923: gcc -c -g -O2  conftest.c >&5
configure:4929: $? = 0
configure:4933: test -z 
			 || test ! -s conftest.err
configure:4936: $? = 0
configure:4939: test -s conftest.o
configure:4942: $? = 0
configure:4953: result: yes
configure:4963: checking for stdbool.h that conforms to C99
configure:5016: gcc -c -g -O2  conftest.c >&5
conftest.c:54:9: warning: variably modified 'd' at file scope
   54 |         char d[(bool) -0.5 == true ? 1 : -1];
      |         ^~~~
conftest.c:56:9: warning: variably modified 'f' at file scope
   56 |         char f[(_Bool) -0.0 == false ? 1 : -1];
      |         ^~~~
configure:5022: $? = 0
configure:5026: test -z 
			 || test ! -s conftest.err
configure:5029: $? = 0
configure:5032: test -s conftest.o
configure:5035: $? = 0
configure:5046: result: yes
configure:5048: checking for _Bool
configure:5072: gcc -c -g -O2  conftest.c >&5
configure:5078: $? = 0
configure:5082: test -z 
			 || test ! -s conftest.err
configure:5085: $? = 0
configure:5088: test -s conftest.o
configure:5091: $? = 0
configure:5102: result: yes
configure:5121: checking for pid_t
configure:5145: gcc -c -g -O2  conftest.c >&5
configure:5151: $? = 0
configure:5155: test -z 
			 || test ! -s conftest.err
configure:5158: $? = 0
configure:5161: test -s conftest.o
configure:5164: $? = 0
configure:5175: result: yes
configure:5187: checking for size_t
configure:5211: gcc -c -g -O2  conftest.c >&5
configure:5217: $? = 0
configure:5221: test -z 
			 || test ! -s conftest.err
configure:5224: $? = 0
configure:5227: test -s conftest.o
configure:5230: $? = 0
configure:5241: result: yes
configure:5260: checking for stdlib.h
configure:5265: result: yes
configure:5405: checking for GNU libc compatible malloc
configure:5434: gcc -o conftest -g -O2   conftest.c  >&5
configure:5437: $? = 0
configure:5439: ./conftest
configure:5442: $? = 0
configure:5456: result: yes
configure:5486: checking whether lstat dereferences a symlink specified with a trailing slash
configure:5517: gcc -o conftest -g -O2   conftest.c  >&5
configure:5520: $? = 0
configure:5522: ./conftest
configure:5525: $? = 0
configure:5546: result: yes
configure:5567: checking whether stat accepts an empty string
configure:5592: gcc -o conftest -g -O2   conftest.c  >&5
configure:5595: $? = 0
configure:5597: ./conftest
configure:5600: $? = 1
configure: program exited with status 1
configure: failed program was:
| /* confdefs.h.  */
| 
| #define PACKAGE_NAME "ifp-line"
| #define PACKAGE_TARNAME "ifp-line"
| #define PACKAGE_VERSION "0.3"
| #define PACKAGE_STRING "ifp-line 0.3"
| #define PACKAGE_BUGREPORT ""
| #define PACKAGE "ifp-line"
| #define VERSION "0.3"
| #define HAVE_ICONV 1
| #define ICONV_CONST 
| #define HAVE_SYS_WAIT_H 1
| #define HAVE_SYS_TYPES_H 1
| #define HAVE_SYS_STAT_H 1
| #define HAVE_STDLIB_H 1
| #define HAVE_STRING_H 1
| #define HAVE_MEMORY_H 1
| #define HAVE_STRINGS_H 1
| #define HAVE_INTTYPES_H 1
| #define HAVE_STDINT_H 1
| #define HAVE_UNISTD_H 1
| #define HAVE_LANGINFO_H 1
| #define HAVE_LIMITS_H 1
| #define HAVE_LOCALE_H 1
| #define HAVE_STRING_H 1
| #define HAVE_UNISTD_H 1
| #define HAVE__BOOL 1
| #define HAVE_STDBOOL_H 1
| #define HAVE_STDLIB_H 1
| #define HAVE_MALLOC 1
| #define LSTAT_FOLLOWS_SLASHED_SYMLINK 1
| /* end confdefs.h.  */
| #include <stdio.h>
| #if HAVE_SYS_TYPES_H
| # include <sys/types.h>
| #endif
| #if HAVE_SYS_STAT_H
| # include <sys/stat.h>
| #endif
| #if STDC_HEADERS
| # include <stdlib.h>
| # include <stddef.h>
| #else
| # if HAVE_STDLIB_H
| #  include <stdlib.h>
| # endif
| #endif
| #if HAVE_STRING_H
| # if !STDC_HEADERS && HAVE_MEMORY_H
| #  include <memory.h>
| # endif
| # include <string.h>
| #endif
| #if HAVE_STRINGS_H
| # include <strings.h>
| #endif
| #if HAVE_INTTYPES_H
| # include <inttypes.h>
| #else
| # if HAVE_STDINT_H
| #  include <stdint.h>
| # endif
| #endif
| #if HAVE_UNISTD_H
| # include <unistd.h>
| #endif
| int
| main ()
| {
| struct stat sbuf;
|   exit (stat ("", &sbuf) ? 1 : 0);
|   ;
|   return 0;
| }
configure:5614: result: no
configure:5642: checking for memset
configure:5699: gcc -o conftest -g -O2   conftest.c  >&5
conftest.c:57:6: warning: conflicting types for built-in function 'memset'; expected 'void *(void *, int,  long unsigned int)' [-Wbuiltin-declaration-mismatch]
   57 | char memset ();
      |      ^~~~~~
conftest.c:44:1: note: 'memset' is declared in header '<string.h>'
   43 | # include <limits.h>
   44 | #else
configure:5705: $? = 0
configure:5709: test -z 
			 || test ! -s conftest.err
configure:5712: $? = 0
configure:5715: test -s conftest
configure:5718: $? = 0
configure:5730: result: yes
configure:5642: checking for mkdir
configure:5699: gcc -o conftest -g -O2   conftest.c  >&5
configure:5705: $? = 0
configure:5709: test -z 
			 || test ! -s conftest.err
configure:5712: $? = 0
configure:5715: test -s conftest
configure:5718: $? = 0
configure:5730: result: yes
configure:5642: checking for nl_langinfo
configure:5699: gcc -o conftest -g -O2   conftest.c  >&5
configure:5705: $? = 0
configure:5709: test -z 
			 || test ! -s conftest.err
configure:5712: $? = 0
configure:5715: test -s conftest
configure:5718: $? = 0
configure:5730: result: yes
configure:5642: checking for setlocale
configure:5699: gcc -o conftest -g -O2   conftest.c  >&5
configure:5705: $? = 0
configure:5709: test -z 
			 || test ! -s conftest.err
configure:5712: $? = 0
configure:5715: test -s conftest
configure:5718: $? = 0
configure:5730: result: yes
configure:5642: checking for strdup
configure:5699: gcc -o conftest -g -O2   conftest.c  >&5
conftest.c:61:6: warning: conflicting types for built-in function 'strdup'; expected 'char *(const char *)' [-Wbuiltin-declaration-mismatch]
   61 | char strdup ();
      |      ^~~~~~
configure:5705: $? = 0
configure:5709: test -z 
			 || test ! -s conftest.err
configure:5712: $? = 0
configure:5715: test -s conftest
configure:5718: $? = 0
configure:5730: result: yes
configure:5642: checking for strncasecmp
configure:5699: gcc -o conftest -g -O2   conftest.c  >&5
conftest.c:62:6: warning: conflicting types for built-in function 'strncasecmp'; expected 'int(const char *, const char *, long unsigned int)' [-Wbuiltin-declaration-mismatch]
   62 | char strncasecmp ();
      |      ^~~~~~~~~~~
configure:5705: $? = 0
configure:5709: test -z 
			 || test ! -s conftest.err
configure:5712: $? = 0
configure:5715: test -s conftest
configure:5718: $? = 0
configure:5730: result: yes
configure:5642: checking for strstr
configure:5699: gcc -o conftest -g -O2   conftest.c  >&5
conftest.c:63:6: warning: conflicting types for built-in function 'strstr'; expected 'char *(const char *, const char *)' [-Wbuiltin-declaration-mismatch]
   63 | char strstr ();
      |      ^~~~~~
conftest.c:50:1: note: 'strstr' is declared in header '<string.h>'
   49 | # include <limits.h>
   50 | #else
configure:5705: $? = 0
configure:5709: test -z 
			 || test ! -s conftest.err
configure:5712: $? = 0
configure:5715: test -s conftest
configure:5718: $? = 0
configure:5730: result: yes
configure:5852: creating ./config.status

## ---------------------- ##
## Running config.status. ##
## ---------------------- ##

This file was extended by ifp-line config.status 0.3, which was
generated by GNU Autoconf 2.59.  Invocation command line was

  CONFIG_FILES    = 
  CONFIG_HEADERS  = 
  CONFIG_LINKS    = 
  CONFIG_COMMANDS = 
  $ ./config.status 

on sevten

config.status:704: creating Makefile
config.status:808: creating config.h
config.status:1132: executing depfiles commands

## ---------------- ##
## Cache variables. ##
## ---------------- ##

ac_cv_build=x86_64-unknown-linux-gnu
ac_cv_build_alias=x86_64-unknown-linux-gnu
ac_cv_c_compiler_gnu=yes
ac_cv_c_const=yes
ac_cv_env_CC_set=
ac_cv_env_CC_value=
ac_cv_env_CFLAGS_set=
ac_cv_env_CFLAGS_value=
ac_cv_env_CPPFLAGS_set=
ac_cv_env_CPPFLAGS_value=
ac_cv_env_CPP_set=
ac_cv_env_CPP_value=
ac_cv_env_LDFLAGS_set=
ac_cv_env_LDFLAGS_value=
ac_cv_env_build_alias_set=
ac_cv_env_build_alias_value=
ac_cv_env_host_alias_set=
ac_cv_env_host_alias_value=
ac_cv_env_target_alias_set=
ac_cv_env_target_alias_value=
ac_cv_exeext=
ac_cv_func_lstat_dereferences_slashed_symlink=yes
ac_cv_func_malloc_0_nonnull=yes
ac_cv_func_memset=yes
ac_cv_func_mkdir=yes
ac_cv_func_nl_langinfo=yes
ac_cv_func_setlocale=yes
ac_cv_func_stat_empty_string_bug=no
ac_cv_func_strdup=yes
ac_cv_func_strncasecmp=yes
ac_cv_func_strstr=yes
ac_cv_header_inttypes_h=yes
ac_cv_header_langinfo_h=yes
ac_cv_header_limits_h=yes
ac_cv_header_locale_h=yes
ac_cv_header_memory_h=yes
ac_cv_header_stdbool_h=yes
ac_cv_header_stdc=no
ac_cv_header_stdint_h=yes
ac_cv_header_stdlib_h=yes
ac_cv_header_string_h=yes
ac_cv_header_strings_h=yes
ac_cv_header_sys_stat_h=yes
ac_cv_header_sys_types_h=yes
ac_cv_header_sys_wait_h=yes
ac_cv_header_unistd_h=yes
ac_cv_host=x86_64-unknown-linux-gnu
ac_cv_host_alias=x86_64-unknown-linux-gnu
ac_cv_objext=o
ac_cv_path_LIBUSB_CONFIG=/usr/sbin/libusb-config
ac_cv_path_install='/usr/bin/install -c'
ac_cv_prog_AWK=gawk
ac_cv_prog_CPP='gcc -E'
ac_cv_prog_ac_ct_CC=gcc
ac_cv_prog_ac_ct_RANLIB=ranlib
ac_cv_prog_cc_g=yes
ac_cv_prog_cc_stdc=
ac_cv_prog_egrep='grep -E'
ac_cv_prog_make_make_set=yes
ac_cv_type__Bool=yes
ac_cv_type_pid_t=yes
ac_cv_type_size_t=yes
acl_cv_hardcode_direct=no
acl_cv_hardcode_libdir_flag_spec='${wl}-rpath ${wl}$libdir'
acl_cv_hardcode_libdir_separator=
acl_cv_hardcode_minus_L=no
acl_cv_libext=a
acl_cv_path_LD=/usr/sbin/ld
acl_cv_prog_gnu_ld=yes
acl_cv_rpath=done
acl_cv_shlibext=so
acl_cv_wl=-Wl,
am_cv_CC_dependencies_compiler_type=gcc3
am_cv_func_iconv=yes
am_cv_lib_iconv=no
am_cv_proto_iconv='extern size_t iconv (iconv_t cd, char * *inbuf, size_t *inbytesleft, char * *outbuf, size_t *outbytesleft);'
am_cv_proto_iconv_arg1=

## ----------------- ##
## Output variables. ##
## ----------------- ##

ACLOCAL='${SHELL} /home/nutria/softs/ifp-line-0.3/missing --run aclocal-1.9'
AMDEPBACKSLASH='\'
AMDEP_FALSE='#'
AMDEP_TRUE=''
AMTAR='${SHELL} /home/nutria/softs/ifp-line-0.3/missing --run tar'
AUTOCONF='${SHELL} /home/nutria/softs/ifp-line-0.3/missing --run autoconf'
AUTOHEADER='${SHELL} /home/nutria/softs/ifp-line-0.3/missing --run autoheader'
AUTOMAKE='${SHELL} /home/nutria/softs/ifp-line-0.3/missing --run automake-1.9'
AWK='gawk'
CC='gcc'
CCDEPMODE='depmode=gcc3'
CFLAGS='-g -O2'
CPP='gcc -E'
CPPFLAGS=''
CYGPATH_W='echo'
DEFS='-DHAVE_CONFIG_H'
DEPDIR='.deps'
ECHO_C=''
ECHO_N='-n'
ECHO_T=''
EGREP='grep -E'
EXEEXT=''
INSTALL_DATA='${INSTALL} -m 644'
INSTALL_PROGRAM='${INSTALL}'
INSTALL_SCRIPT='${INSTALL}'
INSTALL_STRIP_PROGRAM='${SHELL} $(install_sh) -c -s'
LDFLAGS=''
LIBICONV=''
LIBOBJS=''
LIBS=''
LIBUSB_CFLAGS=''
LIBUSB_CONFIG='/usr/sbin/libusb-config'
LIBUSB_LIBS='-L/usr/lib -lusb'
LTLIBICONV=''
LTLIBOBJS=''
MAKEINFO='${SHELL} /home/nutria/softs/ifp-line-0.3/missing --run makeinfo'
OBJEXT='o'
PACKAGE='ifp-line'
PACKAGE_BUGREPORT=''
PACKAGE_NAME='ifp-line'
PACKAGE_STRING='ifp-line 0.3'
PACKAGE_TARNAME='ifp-line'
PACKAGE_VERSION='0.3'
PATH_SEPARATOR=':'
RANLIB='ranlib'
SET_MAKE=''
SHELL='/bin/sh'
STRIP=''
VERSION='0.3'
ac_ct_CC='gcc'
ac_ct_RANLIB='ranlib'
ac_ct_STRIP=''
am__fastdepCC_FALSE='#'
am__fastdepCC_TRUE=''
am__include='include'
am__leading_dot='.'
am__quote=''
am__tar='${AMTAR} chof - "$$tardir"'
am__untar='${AMTAR} xf -'
bindir='${exec_prefix}/bin'
build='x86_64-unknown-linux-gnu'
build_alias=''
build_cpu='x86_64'
build_os='linux-gnu'
build_vendor='unknown'
datadir='${prefix}/share'
exec_prefix='${prefix}'
host='x86_64-unknown-linux-gnu'
host_alias=''
host_cpu='x86_64'
host_os='linux-gnu'
host_vendor='unknown'
includedir='${prefix}/include'
infodir='${prefix}/info'
install_sh='/home/nutria/softs/ifp-line-0.3/install-sh'
libdir='${exec_prefix}/lib'
libexecdir='${exec_prefix}/libexec'
localstatedir='${prefix}/var'
mandir='${prefix}/man'
mkdir_p='mkdir -p --'
oldincludedir='/usr/include'
prefix='/usr/local'
program_transform_name='s,x,x,'
sbindir='${exec_prefix}/sbin'
sharedstatedir='${prefix}/com'
sysconfdir='${prefix}/etc'
target_alias=''

## ----------- ##
## confdefs.h. ##
## ----------- ##

#define HAVE_ICONV 1
#define HAVE_INTTYPES_H 1
#define HAVE_LANGINFO_H 1
#define HAVE_LIMITS_H 1
#define HAVE_LOCALE_H 1
#define HAVE_MALLOC 1
#define HAVE_MEMORY_H 1
#define HAVE_MEMSET 1
#define HAVE_MKDIR 1
#define HAVE_NL_LANGINFO 1
#define HAVE_SETLOCALE 1
#define HAVE_STDBOOL_H 1
#define HAVE_STDINT_H 1
#define HAVE_STDLIB_H 1
#define HAVE_STDLIB_H 1
#define HAVE_STRDUP 1
#define HAVE_STRINGS_H 1
#define HAVE_STRING_H 1
#define HAVE_STRING_H 1
#define HAVE_STRNCASECMP 1
#define HAVE_STRSTR 1
#define HAVE_SYS_STAT_H 1
#define HAVE_SYS_TYPES_H 1
#define HAVE_SYS_WAIT_H 1
#define HAVE_UNISTD_H 1
#define HAVE_UNISTD_H 1
#define HAVE__BOOL 1
#define ICONV_CONST 
#define LSTAT_FOLLOWS_SLASHED_SYMLINK 1
#define PACKAGE "ifp-line"
#define PACKAGE_BUGREPORT ""
#define PACKAGE_NAME "ifp-line"
#define PACKAGE_STRING "ifp-line 0.3"
#define PACKAGE_TARNAME "ifp-line"
#define PACKAGE_VERSION "0.3"
#define VERSION "0.3"

configure: exit 0
